<?xml version="1.0" encoding="UTF-8" ?>
<testsuite tests="0" failures="0" name="TestSuite" time="0.762" errors="0" skipped="0">
  <properties>
    <property name="java.runtime.name" value="Java(TM) SE Runtime Environment"/>
    <property name="sun.boot.library.path" value="C:\Program Files\Java\jre1.8.0_181\bin"/>
    <property name="java.vm.version" value="25.181-b13"/>
    <property name="java.vm.vendor" value="Oracle Corporation"/>
    <property name="java.vendor.url" value="http://java.oracle.com/"/>
    <property name="path.separator" value=";"/>
    <property name="java.vm.name" value="Java HotSpot(TM) 64-Bit Server VM"/>
    <property name="file.encoding.pkg" value="sun.io"/>
    <property name="user.script" value=""/>
    <property name="user.country" value="US"/>
    <property name="sun.java.launcher" value="SUN_STANDARD"/>
    <property name="sun.os.patch.level" value="Service Pack 1"/>
    <property name="java.vm.specification.name" value="Java Virtual Machine Specification"/>
    <property name="user.dir" value="D:\Pilot\GitHub\Rest-Assured-API-Testing"/>
    <property name="java.runtime.version" value="1.8.0_181-b13"/>
    <property name="java.awt.graphicsenv" value="sun.awt.Win32GraphicsEnvironment"/>
    <property name="basedir" value="D:\Pilot\GitHub\Rest-Assured-API-Testing"/>
    <property name="java.endorsed.dirs" value="C:\Program Files\Java\jre1.8.0_181\lib\endorsed"/>
    <property name="os.arch" value="amd64"/>
    <property name="surefire.real.class.path" value="C:\Users\hgup22\AppData\Local\Temp\surefirebooter1556672249966641592.jar"/>
    <property name="java.io.tmpdir" value="C:\Users\hgup22\AppData\Local\Temp\"/>
    <property name="line.separator" value="
"/>
    <property name="java.vm.specification.vendor" value="Oracle Corporation"/>
    <property name="user.variant" value=""/>
    <property name="os.name" value="Windows 7"/>
    <property name="sun.jnu.encoding" value="Cp1252"/>
    <property name="java.library.path" value="C:\Program Files\Java\jre1.8.0_181\bin;C:\Windows\Sun\Java\bin;C:\Windows\system32;C:\Windows;C:\ProgramData\Oracle\Java\javapath;C:\Program Files (x86)\Common Files\Oracle\Java\javapath;C:\Python27\;C:\Python27\Scripts;C:\Program Files (x86)\Intel\iCLS Client\;C:\Program Files\Intel\iCLS Client\;C:\Windows\SYSTEM32;C:\Windows;C:\Windows\SYSTEM32\WBEM;C:\Windows\SYSTEM32\WINDOWSPOWERSHELL\V1.0\;C:\Program Files\Intel\Intel(R) Management Engine Components\DAL;C:\Program Files (x86)\Intel\Intel(R) Management Engine Components\DAL;C:\Program Files\Intel\Intel(R) Management Engine Components\IPT;C:\Program Files (x86)\Intel\Intel(R) Management Engine Components\IPT;C:\apache-ant-1.9.6-bin\apache-ant-1.9.6\bin;C:\Program Files\Intel\WiFi\bin\;C:\Program Files\Common Files\Intel\WirelessCommon\;C:\Program Files\Java\jdk1.8.0_73\bin;C:\Windows\System32\WindowsPowerShell\v1.0\;C:\Windows\System32\WindowsPowerShell\v1.0\;C:\Program Files\PostgreSQL\10\bin;C:\Program Files\Git\cmd;C:\apache-maven-3.5.4\bin;C:\Program Files\Intel\WiFi\bin\;C:\Program Files\Common Files\Intel\WirelessCommon\;C:\Program Files\Heroku\bin;C:\Users\hgup22\AppData\Local\Box\Box Edit\;C:\Users\hgup22\AppData\Local\GitHubDesktop\bin;."/>
    <property name="surefire.test.class.path" value="D:\Pilot\GitHub\Rest-Assured-API-Testing\target\test-classes;D:\Pilot\GitHub\Rest-Assured-API-Testing\target\classes;C:\Users\hgup22\.m2\repository\io\rest-assured\rest-assured\3.0.0\rest-assured-3.0.0.jar;C:\Users\hgup22\.m2\repository\org\codehaus\groovy\groovy\2.4.6\groovy-2.4.6.jar;C:\Users\hgup22\.m2\repository\org\codehaus\groovy\groovy-xml\2.4.6\groovy-xml-2.4.6.jar;C:\Users\hgup22\.m2\repository\org\apache\httpcomponents\httpclient\4.5.2\httpclient-4.5.2.jar;C:\Users\hgup22\.m2\repository\org\apache\httpcomponents\httpcore\4.4.4\httpcore-4.4.4.jar;C:\Users\hgup22\.m2\repository\commons-logging\commons-logging\1.2\commons-logging-1.2.jar;C:\Users\hgup22\.m2\repository\commons-codec\commons-codec\1.9\commons-codec-1.9.jar;C:\Users\hgup22\.m2\repository\org\apache\httpcomponents\httpmime\4.5.1\httpmime-4.5.1.jar;C:\Users\hgup22\.m2\repository\org\hamcrest\hamcrest-core\1.3\hamcrest-core-1.3.jar;C:\Users\hgup22\.m2\repository\org\hamcrest\hamcrest-library\1.3\hamcrest-library-1.3.jar;C:\Users\hgup22\.m2\repository\org\ccil\cowan\tagsoup\tagsoup\1.2.1\tagsoup-1.2.1.jar;C:\Users\hgup22\.m2\repository\io\rest-assured\json-path\3.0.0\json-path-3.0.0.jar;C:\Users\hgup22\.m2\repository\org\codehaus\groovy\groovy-json\2.4.6\groovy-json-2.4.6.jar;C:\Users\hgup22\.m2\repository\io\rest-assured\rest-assured-common\3.0.0\rest-assured-common-3.0.0.jar;C:\Users\hgup22\.m2\repository\io\rest-assured\xml-path\3.0.0\xml-path-3.0.0.jar;C:\Users\hgup22\.m2\repository\org\apache\commons\commons-lang3\3.4\commons-lang3-3.4.jar;C:\Users\hgup22\.m2\repository\org\testng\testng\6.9.10\testng-6.9.10.jar;C:\Users\hgup22\.m2\repository\com\beust\jcommander\1.48\jcommander-1.48.jar;C:\Users\hgup22\.m2\repository\org\beanshell\bsh\2.0b4\bsh-2.0b4.jar;C:\Users\hgup22\.m2\repository\org\codehaus\groovy\groovy-all\2.4.5\groovy-all-2.4.5.jar;C:\Users\hgup22\.m2\repository\com\vimalselvam\cucumber-extentsreport\3.0.1\cucumber-extentsreport-3.0.1.jar;C:\Users\hgup22\.m2\repository\com\aventstack\extentreports\3.1.5\extentreports-3.1.5.jar;C:\Users\hgup22\.m2\repository\org\freemarker\freemarker\2.3.23\freemarker-2.3.23.jar;C:\Users\hgup22\.m2\repository\org\mongodb\mongodb-driver\3.3.0\mongodb-driver-3.3.0.jar;C:\Users\hgup22\.m2\repository\org\mongodb\bson\3.3.0\bson-3.3.0.jar;C:\Users\hgup22\.m2\repository\org\mongodb\mongodb-driver-core\3.3.0\mongodb-driver-core-3.3.0.jar;C:\Users\hgup22\.m2\repository\org\jsoup\jsoup\1.9.2\jsoup-1.9.2.jar;C:\Users\hgup22\.m2\repository\com\google\code\gson\gson\2.8.0\gson-2.8.0.jar;C:\Users\hgup22\.m2\repository\info\cukes\cucumber-testng\1.2.5\cucumber-testng-1.2.5.jar;C:\Users\hgup22\.m2\repository\info\cukes\cucumber-core\1.2.5\cucumber-core-1.2.5.jar;C:\Users\hgup22\.m2\repository\info\cukes\cucumber-html\0.2.3\cucumber-html-0.2.3.jar;C:\Users\hgup22\.m2\repository\info\cukes\cucumber-jvm-deps\1.0.5\cucumber-jvm-deps-1.0.5.jar;C:\Users\hgup22\.m2\repository\info\cukes\gherkin\2.12.2\gherkin-2.12.2.jar;C:\Users\hgup22\.m2\repository\com\github\mkolisnyk\cucumber-reports\0.0.11\cucumber-reports-0.0.11.jar;C:\Users\hgup22\.m2\repository\com\cedarsoftware\json-io\2.2.31\json-io-2.2.31.jar;C:\Users\hgup22\.m2\repository\info\cukes\cucumber-picocontainer\1.2.2\cucumber-picocontainer-1.2.2.jar;C:\Users\hgup22\.m2\repository\info\cukes\cucumber-java\1.2.2\cucumber-java-1.2.2.jar;C:\Users\hgup22\.m2\repository\org\picocontainer\picocontainer\2.15\picocontainer-2.15.jar;C:\Users\hgup22\.m2\repository\info\cukes\cucumber-junit\1.2.2\cucumber-junit-1.2.2.jar;C:\Users\hgup22\.m2\repository\net\sourceforge\htmlunit\htmlunit\2.16\htmlunit-2.16.jar;C:\Users\hgup22\.m2\repository\xalan\xalan\2.7.1\xalan-2.7.1.jar;C:\Users\hgup22\.m2\repository\xalan\serializer\2.7.1\serializer-2.7.1.jar;C:\Users\hgup22\.m2\repository\commons-collections\commons-collections\3.2.1\commons-collections-3.2.1.jar;C:\Users\hgup22\.m2\repository\net\sourceforge\htmlunit\htmlunit-core-js\2.16\htmlunit-core-js-2.16.jar;C:\Users\hgup22\.m2\repository\xerces\xercesImpl\2.11.0\xercesImpl-2.11.0.jar;C:\Users\hgup22\.m2\repository\xml-apis\xml-apis\1.4.01\xml-apis-1.4.01.jar;C:\Users\hgup22\.m2\repository\net\sourceforge\nekohtml\nekohtml\1.9.22\nekohtml-1.9.22.jar;C:\Users\hgup22\.m2\repository\net\sourceforge\cssparser\cssparser\0.9.15\cssparser-0.9.15.jar;C:\Users\hgup22\.m2\repository\org\w3c\css\sac\1.3\sac-1.3.jar;C:\Users\hgup22\.m2\repository\commons-io\commons-io\2.4\commons-io-2.4.jar;C:\Users\hgup22\.m2\repository\org\eclipse\jetty\websocket\websocket-client\9.2.10.v20150310\websocket-client-9.2.10.v20150310.jar;C:\Users\hgup22\.m2\repository\org\eclipse\jetty\jetty-util\9.2.10.v20150310\jetty-util-9.2.10.v20150310.jar;C:\Users\hgup22\.m2\repository\org\eclipse\jetty\jetty-io\9.2.10.v20150310\jetty-io-9.2.10.v20150310.jar;C:\Users\hgup22\.m2\repository\org\eclipse\jetty\websocket\websocket-common\9.2.10.v20150310\websocket-common-9.2.10.v20150310.jar;C:\Users\hgup22\.m2\repository\org\eclipse\jetty\websocket\websocket-api\9.2.10.v20150310\websocket-api-9.2.10.v20150310.jar;C:\Users\hgup22\.m2\repository\junit\junit\4.11\junit-4.11.jar;C:\Users\hgup22\.m2\repository\org\xhtmlrenderer\flying-saucer-pdf\9.0.7\flying-saucer-pdf-9.0.7.jar;C:\Users\hgup22\.m2\repository\com\lowagie\itext\2.1.7\itext-2.1.7.jar;C:\Users\hgup22\.m2\repository\bouncycastle\bcmail-jdk14\138\bcmail-jdk14-138.jar;C:\Users\hgup22\.m2\repository\bouncycastle\bcprov-jdk14\138\bcprov-jdk14-138.jar;C:\Users\hgup22\.m2\repository\org\bouncycastle\bctsp-jdk14\1.38\bctsp-jdk14-1.38.jar;C:\Users\hgup22\.m2\repository\org\xhtmlrenderer\flying-saucer-core\9.0.7\flying-saucer-core-9.0.7.jar;C:\Users\hgup22\.m2\repository\org\codehaus\plexus\plexus-utils\3.0.1\plexus-utils-3.0.1.jar;C:\Users\hgup22\.m2\repository\org\apache\maven\maven-plugin-api\2.0\maven-plugin-api-2.0.jar;C:\Users\hgup22\.m2\repository\org\apache\maven\reporting\maven-reporting-api\2.0.8\maven-reporting-api-2.0.8.jar;C:\Users\hgup22\.m2\repository\org\apache\maven\doxia\doxia-sink-api\1.0-alpha-9\doxia-sink-api-1.0-alpha-9.jar;C:\Users\hgup22\.m2\repository\org\apache\maven\reporting\maven-reporting-impl\2.0.4.3\maven-reporting-impl-2.0.4.3.jar;C:\Users\hgup22\.m2\repository\org\apache\maven\maven-project\2.0.4\maven-project-2.0.4.jar;C:\Users\hgup22\.m2\repository\org\apache\maven\maven-settings\2.0.4\maven-settings-2.0.4.jar;C:\Users\hgup22\.m2\repository\org\apache\maven\maven-profile\2.0.4\maven-profile-2.0.4.jar;C:\Users\hgup22\.m2\repository\org\apache\maven\maven-model\2.0.4\maven-model-2.0.4.jar;C:\Users\hgup22\.m2\repository\org\apache\maven\maven-artifact-manager\2.0.4\maven-artifact-manager-2.0.4.jar;C:\Users\hgup22\.m2\repository\org\apache\maven\maven-repository-metadata\2.0.4\maven-repository-metadata-2.0.4.jar;C:\Users\hgup22\.m2\repository\org\apache\maven\wagon\wagon-provider-api\1.0-alpha-6\wagon-provider-api-1.0-alpha-6.jar;C:\Users\hgup22\.m2\repository\org\apache\maven\maven-artifact\2.0.4\maven-artifact-2.0.4.jar;C:\Users\hgup22\.m2\repository\org\codehaus\plexus\plexus-container-default\1.0-alpha-9\plexus-container-default-1.0-alpha-9.jar;C:\Users\hgup22\.m2\repository\classworlds\classworlds\1.1-alpha-2\classworlds-1.1-alpha-2.jar;C:\Users\hgup22\.m2\repository\org\apache\maven\doxia\doxia-core\1.0\doxia-core-1.0.jar;C:\Users\hgup22\.m2\repository\org\apache\maven\doxia\doxia-site-renderer\1.0\doxia-site-renderer-1.0.jar;C:\Users\hgup22\.m2\repository\org\codehaus\plexus\plexus-i18n\1.0-beta-7\plexus-i18n-1.0-beta-7.jar;C:\Users\hgup22\.m2\repository\org\codehaus\plexus\plexus-velocity\1.1.7\plexus-velocity-1.1.7.jar;C:\Users\hgup22\.m2\repository\org\apache\velocity\velocity\1.5\velocity-1.5.jar;C:\Users\hgup22\.m2\repository\commons-lang\commons-lang\2.1\commons-lang-2.1.jar;C:\Users\hgup22\.m2\repository\org\apache\maven\doxia\doxia-decoration-model\1.0\doxia-decoration-model-1.0.jar;C:\Users\hgup22\.m2\repository\org\apache\maven\doxia\doxia-module-apt\1.0\doxia-module-apt-1.0.jar;C:\Users\hgup22\.m2\repository\org\apache\maven\doxia\doxia-module-fml\1.0\doxia-module-fml-1.0.jar;C:\Users\hgup22\.m2\repository\org\apache\maven\doxia\doxia-module-xdoc\1.0\doxia-module-xdoc-1.0.jar;C:\Users\hgup22\.m2\repository\org\apache\maven\doxia\doxia-module-xhtml\1.0\doxia-module-xhtml-1.0.jar;C:\Users\hgup22\.m2\repository\commons-validator\commons-validator\1.2.0\commons-validator-1.2.0.jar;C:\Users\hgup22\.m2\repository\commons-beanutils\commons-beanutils\1.7.0\commons-beanutils-1.7.0.jar;C:\Users\hgup22\.m2\repository\commons-digester\commons-digester\1.6\commons-digester-1.6.jar;C:\Users\hgup22\.m2\repository\oro\oro\2.0.8\oro-2.0.8.jar;C:\Users\hgup22\.m2\repository\org\apache\maven\shared\maven-doxia-tools\1.0.2\maven-doxia-tools-1.0.2.jar;"/>
    <property name="java.specification.name" value="Java Platform API Specification"/>
    <property name="java.class.version" value="52.0"/>
    <property name="sun.management.compiler" value="HotSpot 64-Bit Tiered Compilers"/>
    <property name="os.version" value="6.1"/>
    <property name="user.home" value="C:\Users\hgup22"/>
    <property name="user.timezone" value="Asia/Calcutta"/>
    <property name="java.awt.printerjob" value="sun.awt.windows.WPrinterJob"/>
    <property name="java.specification.version" value="1.8"/>
    <property name="file.encoding" value="Cp1252"/>
    <property name="user.name" value="hargupta0"/>
    <property name="java.class.path" value="D:\Pilot\GitHub\Rest-Assured-API-Testing\target\test-classes;D:\Pilot\GitHub\Rest-Assured-API-Testing\target\classes;C:\Users\hgup22\.m2\repository\io\rest-assured\rest-assured\3.0.0\rest-assured-3.0.0.jar;C:\Users\hgup22\.m2\repository\org\codehaus\groovy\groovy\2.4.6\groovy-2.4.6.jar;C:\Users\hgup22\.m2\repository\org\codehaus\groovy\groovy-xml\2.4.6\groovy-xml-2.4.6.jar;C:\Users\hgup22\.m2\repository\org\apache\httpcomponents\httpclient\4.5.2\httpclient-4.5.2.jar;C:\Users\hgup22\.m2\repository\org\apache\httpcomponents\httpcore\4.4.4\httpcore-4.4.4.jar;C:\Users\hgup22\.m2\repository\commons-logging\commons-logging\1.2\commons-logging-1.2.jar;C:\Users\hgup22\.m2\repository\commons-codec\commons-codec\1.9\commons-codec-1.9.jar;C:\Users\hgup22\.m2\repository\org\apache\httpcomponents\httpmime\4.5.1\httpmime-4.5.1.jar;C:\Users\hgup22\.m2\repository\org\hamcrest\hamcrest-core\1.3\hamcrest-core-1.3.jar;C:\Users\hgup22\.m2\repository\org\hamcrest\hamcrest-library\1.3\hamcrest-library-1.3.jar;C:\Users\hgup22\.m2\repository\org\ccil\cowan\tagsoup\tagsoup\1.2.1\tagsoup-1.2.1.jar;C:\Users\hgup22\.m2\repository\io\rest-assured\json-path\3.0.0\json-path-3.0.0.jar;C:\Users\hgup22\.m2\repository\org\codehaus\groovy\groovy-json\2.4.6\groovy-json-2.4.6.jar;C:\Users\hgup22\.m2\repository\io\rest-assured\rest-assured-common\3.0.0\rest-assured-common-3.0.0.jar;C:\Users\hgup22\.m2\repository\io\rest-assured\xml-path\3.0.0\xml-path-3.0.0.jar;C:\Users\hgup22\.m2\repository\org\apache\commons\commons-lang3\3.4\commons-lang3-3.4.jar;C:\Users\hgup22\.m2\repository\org\testng\testng\6.9.10\testng-6.9.10.jar;C:\Users\hgup22\.m2\repository\com\beust\jcommander\1.48\jcommander-1.48.jar;C:\Users\hgup22\.m2\repository\org\beanshell\bsh\2.0b4\bsh-2.0b4.jar;C:\Users\hgup22\.m2\repository\org\codehaus\groovy\groovy-all\2.4.5\groovy-all-2.4.5.jar;C:\Users\hgup22\.m2\repository\com\vimalselvam\cucumber-extentsreport\3.0.1\cucumber-extentsreport-3.0.1.jar;C:\Users\hgup22\.m2\repository\com\aventstack\extentreports\3.1.5\extentreports-3.1.5.jar;C:\Users\hgup22\.m2\repository\org\freemarker\freemarker\2.3.23\freemarker-2.3.23.jar;C:\Users\hgup22\.m2\repository\org\mongodb\mongodb-driver\3.3.0\mongodb-driver-3.3.0.jar;C:\Users\hgup22\.m2\repository\org\mongodb\bson\3.3.0\bson-3.3.0.jar;C:\Users\hgup22\.m2\repository\org\mongodb\mongodb-driver-core\3.3.0\mongodb-driver-core-3.3.0.jar;C:\Users\hgup22\.m2\repository\org\jsoup\jsoup\1.9.2\jsoup-1.9.2.jar;C:\Users\hgup22\.m2\repository\com\google\code\gson\gson\2.8.0\gson-2.8.0.jar;C:\Users\hgup22\.m2\repository\info\cukes\cucumber-testng\1.2.5\cucumber-testng-1.2.5.jar;C:\Users\hgup22\.m2\repository\info\cukes\cucumber-core\1.2.5\cucumber-core-1.2.5.jar;C:\Users\hgup22\.m2\repository\info\cukes\cucumber-html\0.2.3\cucumber-html-0.2.3.jar;C:\Users\hgup22\.m2\repository\info\cukes\cucumber-jvm-deps\1.0.5\cucumber-jvm-deps-1.0.5.jar;C:\Users\hgup22\.m2\repository\info\cukes\gherkin\2.12.2\gherkin-2.12.2.jar;C:\Users\hgup22\.m2\repository\com\github\mkolisnyk\cucumber-reports\0.0.11\cucumber-reports-0.0.11.jar;C:\Users\hgup22\.m2\repository\com\cedarsoftware\json-io\2.2.31\json-io-2.2.31.jar;C:\Users\hgup22\.m2\repository\info\cukes\cucumber-picocontainer\1.2.2\cucumber-picocontainer-1.2.2.jar;C:\Users\hgup22\.m2\repository\info\cukes\cucumber-java\1.2.2\cucumber-java-1.2.2.jar;C:\Users\hgup22\.m2\repository\org\picocontainer\picocontainer\2.15\picocontainer-2.15.jar;C:\Users\hgup22\.m2\repository\info\cukes\cucumber-junit\1.2.2\cucumber-junit-1.2.2.jar;C:\Users\hgup22\.m2\repository\net\sourceforge\htmlunit\htmlunit\2.16\htmlunit-2.16.jar;C:\Users\hgup22\.m2\repository\xalan\xalan\2.7.1\xalan-2.7.1.jar;C:\Users\hgup22\.m2\repository\xalan\serializer\2.7.1\serializer-2.7.1.jar;C:\Users\hgup22\.m2\repository\commons-collections\commons-collections\3.2.1\commons-collections-3.2.1.jar;C:\Users\hgup22\.m2\repository\net\sourceforge\htmlunit\htmlunit-core-js\2.16\htmlunit-core-js-2.16.jar;C:\Users\hgup22\.m2\repository\xerces\xercesImpl\2.11.0\xercesImpl-2.11.0.jar;C:\Users\hgup22\.m2\repository\xml-apis\xml-apis\1.4.01\xml-apis-1.4.01.jar;C:\Users\hgup22\.m2\repository\net\sourceforge\nekohtml\nekohtml\1.9.22\nekohtml-1.9.22.jar;C:\Users\hgup22\.m2\repository\net\sourceforge\cssparser\cssparser\0.9.15\cssparser-0.9.15.jar;C:\Users\hgup22\.m2\repository\org\w3c\css\sac\1.3\sac-1.3.jar;C:\Users\hgup22\.m2\repository\commons-io\commons-io\2.4\commons-io-2.4.jar;C:\Users\hgup22\.m2\repository\org\eclipse\jetty\websocket\websocket-client\9.2.10.v20150310\websocket-client-9.2.10.v20150310.jar;C:\Users\hgup22\.m2\repository\org\eclipse\jetty\jetty-util\9.2.10.v20150310\jetty-util-9.2.10.v20150310.jar;C:\Users\hgup22\.m2\repository\org\eclipse\jetty\jetty-io\9.2.10.v20150310\jetty-io-9.2.10.v20150310.jar;C:\Users\hgup22\.m2\repository\org\eclipse\jetty\websocket\websocket-common\9.2.10.v20150310\websocket-common-9.2.10.v20150310.jar;C:\Users\hgup22\.m2\repository\org\eclipse\jetty\websocket\websocket-api\9.2.10.v20150310\websocket-api-9.2.10.v20150310.jar;C:\Users\hgup22\.m2\repository\junit\junit\4.11\junit-4.11.jar;C:\Users\hgup22\.m2\repository\org\xhtmlrenderer\flying-saucer-pdf\9.0.7\flying-saucer-pdf-9.0.7.jar;C:\Users\hgup22\.m2\repository\com\lowagie\itext\2.1.7\itext-2.1.7.jar;C:\Users\hgup22\.m2\repository\bouncycastle\bcmail-jdk14\138\bcmail-jdk14-138.jar;C:\Users\hgup22\.m2\repository\bouncycastle\bcprov-jdk14\138\bcprov-jdk14-138.jar;C:\Users\hgup22\.m2\repository\org\bouncycastle\bctsp-jdk14\1.38\bctsp-jdk14-1.38.jar;C:\Users\hgup22\.m2\repository\org\xhtmlrenderer\flying-saucer-core\9.0.7\flying-saucer-core-9.0.7.jar;C:\Users\hgup22\.m2\repository\org\codehaus\plexus\plexus-utils\3.0.1\plexus-utils-3.0.1.jar;C:\Users\hgup22\.m2\repository\org\apache\maven\maven-plugin-api\2.0\maven-plugin-api-2.0.jar;C:\Users\hgup22\.m2\repository\org\apache\maven\reporting\maven-reporting-api\2.0.8\maven-reporting-api-2.0.8.jar;C:\Users\hgup22\.m2\repository\org\apache\maven\doxia\doxia-sink-api\1.0-alpha-9\doxia-sink-api-1.0-alpha-9.jar;C:\Users\hgup22\.m2\repository\org\apache\maven\reporting\maven-reporting-impl\2.0.4.3\maven-reporting-impl-2.0.4.3.jar;C:\Users\hgup22\.m2\repository\org\apache\maven\maven-project\2.0.4\maven-project-2.0.4.jar;C:\Users\hgup22\.m2\repository\org\apache\maven\maven-settings\2.0.4\maven-settings-2.0.4.jar;C:\Users\hgup22\.m2\repository\org\apache\maven\maven-profile\2.0.4\maven-profile-2.0.4.jar;C:\Users\hgup22\.m2\repository\org\apache\maven\maven-model\2.0.4\maven-model-2.0.4.jar;C:\Users\hgup22\.m2\repository\org\apache\maven\maven-artifact-manager\2.0.4\maven-artifact-manager-2.0.4.jar;C:\Users\hgup22\.m2\repository\org\apache\maven\maven-repository-metadata\2.0.4\maven-repository-metadata-2.0.4.jar;C:\Users\hgup22\.m2\repository\org\apache\maven\wagon\wagon-provider-api\1.0-alpha-6\wagon-provider-api-1.0-alpha-6.jar;C:\Users\hgup22\.m2\repository\org\apache\maven\maven-artifact\2.0.4\maven-artifact-2.0.4.jar;C:\Users\hgup22\.m2\repository\org\codehaus\plexus\plexus-container-default\1.0-alpha-9\plexus-container-default-1.0-alpha-9.jar;C:\Users\hgup22\.m2\repository\classworlds\classworlds\1.1-alpha-2\classworlds-1.1-alpha-2.jar;C:\Users\hgup22\.m2\repository\org\apache\maven\doxia\doxia-core\1.0\doxia-core-1.0.jar;C:\Users\hgup22\.m2\repository\org\apache\maven\doxia\doxia-site-renderer\1.0\doxia-site-renderer-1.0.jar;C:\Users\hgup22\.m2\repository\org\codehaus\plexus\plexus-i18n\1.0-beta-7\plexus-i18n-1.0-beta-7.jar;C:\Users\hgup22\.m2\repository\org\codehaus\plexus\plexus-velocity\1.1.7\plexus-velocity-1.1.7.jar;C:\Users\hgup22\.m2\repository\org\apache\velocity\velocity\1.5\velocity-1.5.jar;C:\Users\hgup22\.m2\repository\commons-lang\commons-lang\2.1\commons-lang-2.1.jar;C:\Users\hgup22\.m2\repository\org\apache\maven\doxia\doxia-decoration-model\1.0\doxia-decoration-model-1.0.jar;C:\Users\hgup22\.m2\repository\org\apache\maven\doxia\doxia-module-apt\1.0\doxia-module-apt-1.0.jar;C:\Users\hgup22\.m2\repository\org\apache\maven\doxia\doxia-module-fml\1.0\doxia-module-fml-1.0.jar;C:\Users\hgup22\.m2\repository\org\apache\maven\doxia\doxia-module-xdoc\1.0\doxia-module-xdoc-1.0.jar;C:\Users\hgup22\.m2\repository\org\apache\maven\doxia\doxia-module-xhtml\1.0\doxia-module-xhtml-1.0.jar;C:\Users\hgup22\.m2\repository\commons-validator\commons-validator\1.2.0\commons-validator-1.2.0.jar;C:\Users\hgup22\.m2\repository\commons-beanutils\commons-beanutils\1.7.0\commons-beanutils-1.7.0.jar;C:\Users\hgup22\.m2\repository\commons-digester\commons-digester\1.6\commons-digester-1.6.jar;C:\Users\hgup22\.m2\repository\oro\oro\2.0.8\oro-2.0.8.jar;C:\Users\hgup22\.m2\repository\org\apache\maven\shared\maven-doxia-tools\1.0.2\maven-doxia-tools-1.0.2.jar;"/>
    <property name="java.vm.specification.version" value="1.8"/>
    <property name="sun.arch.data.model" value="64"/>
    <property name="java.home" value="C:\Program Files\Java\jre1.8.0_181"/>
    <property name="sun.java.command" value="C:\Users\hgup22\AppData\Local\Temp\surefirebooter1556672249966641592.jar C:\Users\hgup22\AppData\Local\Temp\surefire7752770015648896343tmp C:\Users\hgup22\AppData\Local\Temp\surefire1499253090949764806tmp"/>
    <property name="java.specification.vendor" value="Oracle Corporation"/>
    <property name="user.language" value="en"/>
    <property name="awt.toolkit" value="sun.awt.windows.WToolkit"/>
    <property name="java.vm.info" value="mixed mode"/>
    <property name="java.version" value="1.8.0_181"/>
    <property name="java.ext.dirs" value="C:\Program Files\Java\jre1.8.0_181\lib\ext;C:\Windows\Sun\Java\lib\ext"/>
    <property name="sun.boot.class.path" value="C:\Program Files\Java\jre1.8.0_181\lib\resources.jar;C:\Program Files\Java\jre1.8.0_181\lib\rt.jar;C:\Program Files\Java\jre1.8.0_181\lib\sunrsasign.jar;C:\Program Files\Java\jre1.8.0_181\lib\jsse.jar;C:\Program Files\Java\jre1.8.0_181\lib\jce.jar;C:\Program Files\Java\jre1.8.0_181\lib\charsets.jar;C:\Program Files\Java\jre1.8.0_181\lib\jfr.jar;C:\Program Files\Java\jre1.8.0_181\classes"/>
    <property name="java.vendor" value="Oracle Corporation"/>
    <property name="localRepository" value="C:\Users\hgup22\.m2\repository"/>
    <property name="file.separator" value="\"/>
    <property name="java.vendor.url.bug" value="http://bugreport.sun.com/bugreport/"/>
    <property name="sun.cpu.endian" value="little"/>
    <property name="sun.io.unicode.encoding" value="UnicodeLittle"/>
    <property name="sun.desktop" value="windows"/>
    <property name="sun.cpu.isalist" value="amd64"/>
  </properties>
</testsuite>